<?xml version="1.0" encoding="UTF-8"?>
<!-- Generated by org.testng.reporters.JUnitReportReporter -->
<testsuite hostname="DESKTOP-GUPA5RI" failures="0" tests="1" name="com.qa.tests.GET_Test" time="0.790" errors="0" timestamp="2021-07-31T02:06:31 EDT" skipped="0">
  <testcase classname="com.qa.tests.GET_Test" name="getTest" time="0.790"/>
  <system-out/>
</testsuite> <!-- com.qa.tests.GET_Test -->
